2017-11-22 04:41:37 - DATABASE_ERROR - <hr><pre>Query:
create table if not exists b_catalog_viewed_product
(
	ID INT NOT NULL AUTO_INCREMENT,
	FUSER_ID INT NOT NULL,
	DATE_VISIT DATETIME NOT NULL,
	PRODUCT_ID INT NOT NULL,
	ELEMENT_ID INT NOT NULL DEFAULT 0,
	SITE_ID CHAR(2) NOT NULL,
	VIEW_COUNT INT NOT NULL DEFAULT 1,
	RECOMMENDATION VARCHAR(40) NULL,
	PRIMARY KEY (ID),
	INDEX IX_CAT_V_PR_FUSER_ID (FUSER_ID)
)

Error:
<font color=red>[2006] MySQL server has gone away!</font></pre>. <hr><pre>Query:
create table if not exists b_catalog_subscribe (
	ID int unsigned not null auto_increment,
	DATE_FROM datetime not null,
	DATE_TO datetime null,
	USER_CONTACT varchar(255) not null,
	CONTACT_TYPE smallint unsigned not null,
	USER_ID int unsigned,
	ITEM_ID int unsigned not null,
	NEED_SENDING char(1) not null default 'N',
	SITE_ID char(2) not null,
	primary key (ID),
	INDEX IX_CAT_SUB_USER_CONTACT (USER_CONTACT),
	INDEX IX_CAT_SUB_USER_ID (USER_ID),
	INDEX IX_CAT_SUB_ITEM_ID (ITEM_ID)
)

Error:
<font color=red>[2006] MySQL server has gone away!</font></pre>. <hr><pre>Query:
create table if not exists b_catalog_subscribe_access (
	ID int unsigned not null auto_increment,
	DATE_FROM datetime not null,
	USER_CONTACT varchar(255) not null,
	TOKEN char(6) not null,
	primary key (ID),
	INDEX IX_CAT_SUB_ACS_USER_CONTACT (USER_CONTACT)
)

Error:
<font color=red>[2006] MySQL server has gone away!</font></pre>. <hr><pre>Query:
create table if not exists b_catalog_rounding
(
	ID int not null auto_increment,
	CATALOG_GROUP_ID int not null,
	PRICE decimal(18, 4) not null,
	ROUND_TYPE int not null,
	ROUND_PRECISION decimal(18, 4) not null,
	CREATED_BY int(18) null,
	DATE_CREATE datetime null,
	MODIFIED_BY int(18) null,
	DATE_MODIFY datetime null,
	primary key (ID),
	index IX_CAT_RND_CATALOG_GROUP(CATALOG_GROUP_ID)
)

Error:
<font color=red>[2006] MySQL server has gone away!</font></pre>
